<?xml version="1.0" encoding="UTF-8"?>
<testng-results ignored="4" total="6" passed="2" failed="0" skipped="0">
  <reporter-output>
  </reporter-output>
  <suite started-at="2022-08-01T18:49:29Z" name="InetBankingV1" finished-at="2022-08-01T18:51:21Z" duration-ms="111618">
    <groups>
      <group name="smoke">
        <method signature="TC_CheckboxOperations.performcheckOperations()[pri:0, instance:com.inetbanking.testCases.TC_CheckboxOperations@762ef0ea]" name="performcheckOperations" class="com.inetbanking.testCases.TC_CheckboxOperations"/>
        <method signature="TC_Operations.performOperations()[pri:0, instance:com.inetbanking.testCases.TC_Operations@2d2ffcb7]" name="performOperations" class="com.inetbanking.testCases.TC_Operations"/>
      </group> <!-- smoke -->
    </groups>
    <test started-at="2022-08-01T18:49:29Z" name="BankingApp Test" finished-at="2022-08-01T18:51:21Z" duration-ms="111618">
      <class name="com.inetbanking.testCases.TC_Operations">
        <test-method is-config="true" signature="setup(java.lang.String)[pri:0, instance:com.inetbanking.testCases.TC_Operations@2d2ffcb7]" started-at="2022-08-01T18:49:29Z" name="setup" finished-at="2022-08-01T18:50:01Z" duration-ms="31562" status="PASS">
          <params>
            <param index="0">
              <value>
                <![CDATA[chrome]]>
              </value>
            </param>
          </params>
          <reporter-output>
          </reporter-output>
        </test-method> <!-- setup -->
        <test-method signature="performOperations()[pri:0, instance:com.inetbanking.testCases.TC_Operations@2d2ffcb7]" started-at="2022-08-01T18:50:01Z" name="performOperations" finished-at="2022-08-01T18:50:25Z" duration-ms="24663" status="PASS">
          <reporter-output>
          </reporter-output>
        </test-method> <!-- performOperations -->
        <test-method is-config="true" signature="tearDown()[pri:0, instance:com.inetbanking.testCases.TC_Operations@2d2ffcb7]" started-at="2022-08-01T18:50:25Z" name="tearDown" finished-at="2022-08-01T18:50:26Z" duration-ms="370" status="PASS">
          <reporter-output>
          </reporter-output>
        </test-method> <!-- tearDown -->
      </class> <!-- com.inetbanking.testCases.TC_Operations -->
      <class name="com.inetbanking.testCases.TC_CheckboxOperations">
        <test-method is-config="true" signature="setup(java.lang.String)[pri:0, instance:com.inetbanking.testCases.TC_CheckboxOperations@762ef0ea]" started-at="2022-08-01T18:50:26Z" name="setup" finished-at="2022-08-01T18:50:56Z" duration-ms="30600" status="PASS">
          <params>
            <param index="0">
              <value>
                <![CDATA[chrome]]>
              </value>
            </param>
          </params>
          <reporter-output>
          </reporter-output>
        </test-method> <!-- setup -->
        <test-method signature="performcheckOperations()[pri:0, instance:com.inetbanking.testCases.TC_CheckboxOperations@762ef0ea]" started-at="2022-08-01T18:50:56Z" name="performcheckOperations" finished-at="2022-08-01T18:51:20Z" duration-ms="23784" status="PASS">
          <reporter-output>
          </reporter-output>
        </test-method> <!-- performcheckOperations -->
        <test-method is-config="true" signature="tearDown()[pri:0, instance:com.inetbanking.testCases.TC_CheckboxOperations@762ef0ea]" started-at="2022-08-01T18:51:20Z" name="tearDown" finished-at="2022-08-01T18:51:21Z" duration-ms="404" status="PASS">
          <reporter-output>
          </reporter-output>
        </test-method> <!-- tearDown -->
      </class> <!-- com.inetbanking.testCases.TC_CheckboxOperations -->
    </test> <!-- BankingApp Test -->
  </suite> <!-- InetBankingV1 -->
</testng-results>
