<?xml version="1.0" encoding="UTF-8"?>
<testng-results ignored="6" total="7" passed="1" failed="0" skipped="0">
  <reporter-output>
  </reporter-output>
  <suite started-at="2022-08-03T10:49:35Z" name="InetBankingV1" finished-at="2022-08-03T10:51:38Z" duration-ms="122473">
    <groups>
      <group name="smoke">
        <method signature="TC_VerifyWebTableDDT.webtabletest()[pri:0, instance:com.inetbanking.testCases.TC_VerifyWebTableDDT@31f9b85e]" name="webtabletest" class="com.inetbanking.testCases.TC_VerifyWebTableDDT"/>
      </group> <!-- smoke -->
    </groups>
    <test started-at="2022-08-03T10:49:35Z" name="BankingApp Test" finished-at="2022-08-03T10:51:38Z" duration-ms="122473">
      <class name="com.inetbanking.testCases.TC_VerifyWebTableDDT">
        <test-method is-config="true" signature="setup(java.lang.String)[pri:0, instance:com.inetbanking.testCases.TC_VerifyWebTableDDT@31f9b85e]" started-at="2022-08-03T10:49:35Z" name="setup" finished-at="2022-08-03T10:50:10Z" duration-ms="34098" status="PASS">
          <params>
            <param index="0">
              <value>
                <![CDATA[chrome]]>
              </value>
            </param>
          </params>
          <reporter-output>
          </reporter-output>
        </test-method> <!-- setup -->
        <test-method signature="webtabletest()[pri:0, instance:com.inetbanking.testCases.TC_VerifyWebTableDDT@31f9b85e]" started-at="2022-08-03T10:50:10Z" name="webtabletest" finished-at="2022-08-03T10:51:37Z" duration-ms="87501" status="PASS">
          <reporter-output>
          </reporter-output>
        </test-method> <!-- webtabletest -->
        <test-method is-config="true" signature="tearDown()[pri:0, instance:com.inetbanking.testCases.TC_VerifyWebTableDDT@31f9b85e]" started-at="2022-08-03T10:51:37Z" name="tearDown" finished-at="2022-08-03T10:51:38Z" duration-ms="474" status="PASS">
          <reporter-output>
          </reporter-output>
        </test-method> <!-- tearDown -->
      </class> <!-- com.inetbanking.testCases.TC_VerifyWebTableDDT -->
    </test> <!-- BankingApp Test -->
  </suite> <!-- InetBankingV1 -->
</testng-results>
