<?xml version="1.0" encoding="UTF-8"?>
<!-- Generated by org.testng.reporters.JUnitXMLReporter -->
<testsuite ignored="4" hostname="LAPTOP-4BVHV7CE" failures="0" tests="2" name="BankingApp Test" time="111.618" errors="0" timestamp="01 Aug 2022 18:51:21 GMT">
  <testcase classname="com.inetbanking.testCases.TC_Operations" name="performOperations" time="24.663"/>
  <testcase classname="com.inetbanking.testCases.TC_CheckboxOperations" name="performcheckOperations" time="23.784"/>
  <testcase classname="com.inetbanking.testCases.TC_AddCustomerTest_003" name="addNewCustomer" time="0.0">
    <ignored/>
  </testcase> <!-- addNewCustomer -->
  <testcase classname="com.inetbanking.testCases.TC_LoginTest_001" name="loginTest" time="0.0">
    <ignored/>
  </testcase> <!-- loginTest -->
  <testcase classname="com.inetbanking.testCases.TC_AddCustomerDDT" name="addNewCustomer" time="0.0">
    <ignored/>
  </testcase> <!-- addNewCustomer -->
  <testcase classname="com.inetbanking.testCases.TC_LoginDDT_002" name="loginDDT" time="0.0">
    <ignored/>
  </testcase> <!-- loginDDT -->
</testsuite> <!-- BankingApp Test -->
